<?xml version="1.0" encoding="UTF-8"?>
<!-- Generated by org.testng.reporters.JUnitReportReporter -->
<testsuite skipped="0" hostname="URMILA" name="com.zeroBank.qa.Test.PayBillsTest" tests="1" failures="0" timestamp="2020-09-06T19:44:55 IST" time="42.002" errors="0">
  <testcase name="verifyPayBillsPageTitle" time="42.002" classname="com.zeroBank.qa.Test.PayBillsTest"/>
  <system-out/>
</testsuite> <!-- com.zeroBank.qa.Test.PayBillsTest -->
