<?xml version="1.0" encoding="UTF-8"?>
<!-- Generated by org.testng.reporters.JUnitReportReporter -->
<testsuite skipped="0" hostname="URMILA" name="com.zeroBank.qa.TestCases.PayBillsTest" tests="4" failures="0" timestamp="2020-09-15T22:56:15 IST" time="166.554" errors="0">
  <testcase name="verifyPayBillsPageTitle" time="27.584" classname="com.zeroBank.qa.TestCases.PayBillsTest"/>
  <system-out/>
  <testcase name="verifyPaySavedPayee" time="44.055" classname="com.zeroBank.qa.TestCases.PayBillsTest"/>
  <system-out/>
  <testcase name="verifyAddNewPayee" time="50.282" classname="com.zeroBank.qa.TestCases.PayBillsTest"/>
  <system-out/>
  <testcase name="verifPurchaseForeignCurrency" time="44.633" classname="com.zeroBank.qa.TestCases.PayBillsTest"/>
  <system-out/>
</testsuite> <!-- com.zeroBank.qa.TestCases.PayBillsTest -->
