<?xml version="1.0" encoding="UTF-8"?>
<!-- Generated by org.testng.reporters.JUnitReportReporter -->
<testsuite skipped="0" hostname="URMILA" name="com.zeroBank.qa.TestCases.OnlineStatementsTest" tests="2" failures="0" timestamp="2020-09-15T22:56:15 IST" time="32.263" errors="0">
  <testcase name="verifyOnlineStatementTitle" time="16.438" classname="com.zeroBank.qa.TestCases.OnlineStatementsTest"/>
  <system-out/>
  <testcase name="clickOnYear" time="15.825" classname="com.zeroBank.qa.TestCases.OnlineStatementsTest"/>
  <system-out/>
</testsuite> <!-- com.zeroBank.qa.TestCases.OnlineStatementsTest -->
