<?xml version="1.0" encoding="UTF-8"?>
<!-- Generated by org.testng.reporters.JUnitReportReporter -->
<testsuite skipped="0" hostname="URMILA" name="com.zeroBank.qa.TestCases.MyMoneyMapTest" tests="2" failures="0" timestamp="2020-09-15T22:56:15 IST" time="46.768" errors="0">
  <testcase name="verifyMYMoneyMapTitle" time="21.732" classname="com.zeroBank.qa.TestCases.MyMoneyMapTest"/>
  <system-out/>
  <testcase name="verifyChooseAccType" time="25.036" classname="com.zeroBank.qa.TestCases.MyMoneyMapTest"/>
  <system-out/>
</testsuite> <!-- com.zeroBank.qa.TestCases.MyMoneyMapTest -->
