<?xml version="1.0" encoding="UTF-8"?>
<!-- Generated by org.testng.reporters.JUnitReportReporter -->
<testsuite skipped="0" hostname="URMILA" name="com.zeroBank.qa.Test.AccountActivityTest" tests="6" failures="0" timestamp="2020-09-05T20:33:29 IST" time="161.360" errors="0">
  <testcase name="verifyCheckingOption" time="24.408" classname="com.zeroBank.qa.Test.AccountActivityTest"/>
  <system-out/>
  <testcase name="verifySavingsOption" time="30.269" classname="com.zeroBank.qa.Test.AccountActivityTest"/>
  <system-out/>
  <testcase name="verifyLoanOption" time="24.671" classname="com.zeroBank.qa.Test.AccountActivityTest"/>
  <system-out/>
  <testcase name="verifyCreditCardOption" time="26.639" classname="com.zeroBank.qa.Test.AccountActivityTest"/>
  <system-out/>
  <testcase name="verifybrokerageOption" time="27.014" classname="com.zeroBank.qa.Test.AccountActivityTest"/>
  <system-out/>
  <testcase name="verifyfindTransaction" time="28.359" classname="com.zeroBank.qa.Test.AccountActivityTest"/>
  <system-out/>
</testsuite> <!-- com.zeroBank.qa.Test.AccountActivityTest -->
