<?xml version="1.0" encoding="UTF-8"?>
<!-- Generated by org.testng.reporters.JUnitReportReporter -->
<testsuite skipped="0" hostname="URMILA" name="com.zeroBank.qa.TestCases.AccountSummaryTest" tests="2" failures="0" timestamp="2020-09-15T22:56:15 IST" time="34.525" errors="0">
  <testcase name="doclickOnSavings" time="17.656" classname="com.zeroBank.qa.TestCases.AccountSummaryTest"/>
  <system-out/>
  <testcase name="doclickOnChecking" time="16.869" classname="com.zeroBank.qa.TestCases.AccountSummaryTest"/>
  <system-out/>
</testsuite> <!-- com.zeroBank.qa.TestCases.AccountSummaryTest -->
