<?xml version="1.0" encoding="UTF-8"?>
<!-- Generated by org.testng.reporters.JUnitReportReporter -->
<testsuite skipped="0" hostname="URMILA" name="com.zeroBank.qa.TestCases.LoginPageTest" tests="4" failures="0" timestamp="2020-09-15T22:56:15 IST" time="51.468" errors="0">
  <testcase name="verifyLoginPageTitle" time="10.310" classname="com.zeroBank.qa.TestCases.LoginPageTest"/>
  <system-out/>
  <testcase name="verifyLoginTest" time="14.526" classname="com.zeroBank.qa.TestCases.LoginPageTest"/>
  <system-out/>
  <testcase name="verifyWrongLoginTest" time="13.540" classname="com.zeroBank.qa.TestCases.LoginPageTest"/>
  <system-out/>
  <testcase name="verifyForgotPasswordTest" time="13.092" classname="com.zeroBank.qa.TestCases.LoginPageTest"/>
  <system-out/>
</testsuite> <!-- com.zeroBank.qa.TestCases.LoginPageTest -->
