<?xml version="1.0" encoding="UTF-8"?>
<!-- Generated by org.testng.reporters.JUnitReportReporter -->
<testsuite skipped="0" hostname="URMILA" name="com.zeroBank.qa.TestCases.HomePageTest" tests="8" failures="0" timestamp="2020-09-15T22:56:15 IST" time="124.573" errors="0">
  <testcase name="verifySigninBtn" time="13.212" classname="com.zeroBank.qa.TestCases.HomePageTest"/>
  <system-out/>
  <testcase name="verifyHomePageTitle" time="15.048" classname="com.zeroBank.qa.TestCases.HomePageTest"/>
  <system-out/>
  <testcase name="doClickOnOnlineBanking" time="12.398" classname="com.zeroBank.qa.TestCases.HomePageTest"/>
  <system-out/>
  <testcase name="doClickOnFeedBack" time="12.742" classname="com.zeroBank.qa.TestCases.HomePageTest"/>
  <system-out/>
  <testcase name="doclickOnMoreServices" time="17.336" classname="com.zeroBank.qa.TestCases.HomePageTest"/>
  <system-out/>
  <testcase name="doClickOnAccActivity" time="27.921" classname="com.zeroBank.qa.TestCases.HomePageTest"/>
  <system-out/>
  <testcase name="doClickOnTransferFund" time="13.100" classname="com.zeroBank.qa.TestCases.HomePageTest"/>
  <system-out/>
  <testcase name="doClickOnMyMoneyMap" time="12.816" classname="com.zeroBank.qa.TestCases.HomePageTest"/>
  <system-out/>
</testsuite> <!-- com.zeroBank.qa.TestCases.HomePageTest -->
