<?xml version="1.0" encoding="UTF-8"?>
<!-- Generated by org.testng.reporters.JUnitReportReporter -->
<testsuite skipped="0" hostname="URMILA" name="com.zeroBank.qa.Test.AccountSummaryTest" tests="2" failures="0" timestamp="2020-08-27T20:17:48 IST" time="35.996" errors="0">
  <testcase name="doclickOnSavings" time="17.211" classname="com.zeroBank.qa.Test.AccountSummaryTest"/>
  <system-out/>
  <testcase name="doclickOnChecking" time="18.785" classname="com.zeroBank.qa.Test.AccountSummaryTest"/>
  <system-out/>
</testsuite> <!-- com.zeroBank.qa.Test.AccountSummaryTest -->
