<?xml version="1.0" encoding="UTF-8"?>
<!-- Generated by org.testng.reporters.JUnitReportReporter -->
<testsuite skipped="0" hostname="URMILA" name="com.zeroBank.qa.Test.OnlineStatementsTest" tests="2" failures="0" timestamp="2020-09-01T17:49:47 IST" time="54.177" errors="0">
  <testcase name="verifyOnlineStatementTitle" time="29.372" classname="com.zeroBank.qa.Test.OnlineStatementsTest"/>
  <system-out/>
  <testcase name="clickOnYear" time="24.805" classname="com.zeroBank.qa.Test.OnlineStatementsTest"/>
  <system-out/>
</testsuite> <!-- com.zeroBank.qa.Test.OnlineStatementsTest -->
