<?xml version="1.0" encoding="UTF-8"?>
<!-- Generated by org.testng.reporters.JUnitReportReporter -->
<testsuite skipped="0" hostname="URMILA" name="com.zeroBank.qa.Test.TransferFundTest" tests="1" failures="0" timestamp="2020-09-05T20:12:48 IST" time="32.422" errors="0">
  <testcase name="verifyCheckingOption" time="32.422" classname="com.zeroBank.qa.Test.TransferFundTest"/>
  <system-out/>
</testsuite> <!-- com.zeroBank.qa.Test.TransferFundTest -->
