<?xml version="1.0" encoding="UTF-8"?>
<!-- Generated by org.testng.reporters.JUnitReportReporter -->
<testsuite skipped="0" hostname="URMILA" name="com.zeroBank.qa.Test.HomePageTest" tests="8" failures="0" timestamp="2020-09-01T17:21:38 IST" time="120.816" errors="0">
  <testcase name="verifyHomePageTitle" time="13.903" classname="com.zeroBank.qa.Test.HomePageTest"/>
  <system-out/>
  <testcase name="verifySigninBtn" time="14.164" classname="com.zeroBank.qa.Test.HomePageTest"/>
  <system-out/>
  <testcase name="doClickOnOnlineBanking" time="16.394" classname="com.zeroBank.qa.Test.HomePageTest"/>
  <system-out/>
  <testcase name="doClickOnFeedBack" time="16.859" classname="com.zeroBank.qa.Test.HomePageTest"/>
  <system-out/>
  <testcase name="doclickOnMoreServices" time="16.370" classname="com.zeroBank.qa.Test.HomePageTest"/>
  <system-out/>
  <testcase name="doClickOnAccActivity" time="15.354" classname="com.zeroBank.qa.Test.HomePageTest"/>
  <system-out/>
  <testcase name="doClickOnTransferFund" time="13.943" classname="com.zeroBank.qa.Test.HomePageTest"/>
  <system-out/>
  <testcase name="doClickOnMyMoneyMap" time="13.829" classname="com.zeroBank.qa.Test.HomePageTest"/>
  <system-out/>
</testsuite> <!-- com.zeroBank.qa.Test.HomePageTest -->
